SF:lib\data\account.dart
DA:2,2
DA:7,0
DA:9,0
LF:3
LH:1
end_of_record
SF:lib\data\dto\account_dto.dart
DA:6,2
DA:8,2
DA:9,2
DA:10,2
DA:11,2
DA:15,0
DA:16,0
DA:17,0
DA:20,1
DA:21,3
LF:10
LH:7
end_of_record
SF:lib\data\dto\error_dto.dart
DA:6,2
DA:8,2
DA:9,2
DA:10,2
DA:11,2
DA:15,0
DA:16,0
DA:17,0
DA:20,2
DA:21,6
LF:10
LH:7
end_of_record
SF:lib\data\dto\product_dto.dart
DA:6,2
DA:17,2
DA:18,2
DA:19,2
DA:20,2
DA:21,4
DA:23,4
DA:25,2
DA:26,2
DA:27,2
DA:28,0
DA:29,2
DA:30,4
DA:33,2
DA:34,2
DA:35,2
DA:36,0
DA:38,10
DA:39,0
DA:40,2
DA:44,0
DA:45,0
DA:48,1
DA:49,1
DA:50,1
DA:51,1
DA:52,1
DA:53,2
DA:54,1
DA:55,1
DA:56,1
DA:57,2
DA:58,1
DA:59,1
DA:60,1
DA:61,5
DA:62,1
DA:68,2
DA:74,2
DA:75,2
DA:76,2
DA:77,2
DA:78,2
DA:82,0
DA:83,0
DA:85,1
DA:86,1
DA:87,1
DA:88,1
DA:89,1
DA:95,2
DA:102,2
DA:103,2
DA:104,2
DA:105,2
DA:106,2
DA:107,2
DA:111,0
DA:112,0
DA:114,1
DA:115,5
DA:120,0
DA:122,0
DA:123,0
DA:124,0
DA:125,0
DA:129,0
DA:130,0
DA:132,0
DA:133,0
DA:138,2
DA:140,2
DA:141,2
DA:142,4
DA:143,2
DA:144,2
DA:148,0
DA:149,0
DA:151,1
DA:152,4
DA:157,2
DA:159,2
DA:160,4
DA:163,0
DA:164,0
DA:166,1
DA:167,2
LF:87
LH:65
end_of_record
SF:lib\data\dto\response_dto.dart
DA:9,3
DA:11,3
DA:12,3
DA:13,3
DA:14,3
DA:15,2
DA:16,8
DA:20,2
DA:21,4
DA:24,2
DA:25,2
DA:26,4
DA:27,4
DA:28,2
DA:32,3
DA:33,3
DA:34,2
DA:36,2
DA:39,3
DA:40,2
DA:42,2
DA:49,2
DA:50,2
DA:51,1
DA:53,2
DA:54,1
DA:56,2
LF:27
LH:27
end_of_record
SF:lib\data\error.dart
DA:2,2
DA:7,2
DA:9,6
LF:3
LH:3
end_of_record
SF:lib\data\product.dart
DA:2,2
DA:22,1
DA:24,8
DA:29,2
DA:39,0
DA:41,0
DA:46,2
DA:58,1
DA:60,5
DA:65,0
DA:70,0
DA:72,0
DA:77,2
DA:83,1
DA:85,4
DA:90,2
DA:94,1
DA:99,2
DA:100,2
DA:101,0
DA:102,0
DA:103,0
DA:106,0
DA:107,0
DA:110,1
DA:112,2
LF:26
LH:16
end_of_record
SF:lib\data\response.dart
DA:4,3
DA:10,0
DA:12,0
DA:14,2
DA:16,6
LF:5
LH:3
end_of_record
SF:lib\data_source\account_data_source_ean_db.dart
DA:10,1
DA:12,1
DA:13,1
DA:14,1
DA:16,2
DA:21,1
DA:22,1
DA:23,1
LF:8
LH:8
end_of_record
SF:lib\data_source\product_data_source_ean_db.dart
DA:10,1
DA:15,1
DA:16,2
DA:17,1
DA:19,2
DA:24,1
DA:25,1
DA:26,1
LF:8
LH:8
end_of_record
SF:lib\ean_db.dart
DA:8,0
DA:9,0
DA:10,0
DA:17,0
DA:18,0
DA:21,0
DA:22,0
LF:7
LH:0
end_of_record
